Determining if the pthread_create exist failed with the following output:
Change Dir: /home/trabajo/Escritorio/api2/glove/build/CMakeFiles/CMakeTmp

Run Build Command:"/usr/bin/make" "cmTC_46a41/fast"
/usr/bin/make -f CMakeFiles/cmTC_46a41.dir/build.make CMakeFiles/cmTC_46a41.dir/build
make[1]: se entra en el directorio '/home/trabajo/Escritorio/api2/glove/build/CMakeFiles/CMakeTmp'
Building C object CMakeFiles/cmTC_46a41.dir/CheckSymbolExists.c.o
/usr/bin/cc     -o CMakeFiles/cmTC_46a41.dir/CheckSymbolExists.c.o   -c /home/trabajo/Escritorio/api2/glove/build/CMakeFiles/CMakeTmp/CheckSymbolExists.c
Linking C executable cmTC_46a41
/usr/bin/cmake -E cmake_link_script CMakeFiles/cmTC_46a41.dir/link.txt --verbose=1
/usr/bin/cc       CMakeFiles/cmTC_46a41.dir/CheckSymbolExists.c.o  -o cmTC_46a41 
CMakeFiles/cmTC_46a41.dir/CheckSymbolExists.c.o: En la función `main':
CheckSymbolExists.c:(.text+0x16): referencia a `pthread_create' sin definir
collect2: error: ld returned 1 exit status
CMakeFiles/cmTC_46a41.dir/build.make:97: fallo en las instrucciones para el objetivo 'cmTC_46a41'
make[1]: *** [cmTC_46a41] Error 1
make[1]: se sale del directorio '/home/trabajo/Escritorio/api2/glove/build/CMakeFiles/CMakeTmp'
Makefile:126: fallo en las instrucciones para el objetivo 'cmTC_46a41/fast'
make: *** [cmTC_46a41/fast] Error 2

File /home/trabajo/Escritorio/api2/glove/build/CMakeFiles/CMakeTmp/CheckSymbolExists.c:
/* */
#include <pthread.h>

int main(int argc, char** argv)
{
  (void)argv;
#ifndef pthread_create
  return ((int*)(&pthread_create))[argc];
#else
  (void)argc;
  return 0;
#endif
}

